[0.070s] Invoking command in '/home/aarambh/my_robot_ws/build/bumperbot_planning': CMAKE_PREFIX_PATH=/opt/ros/humble /usr/bin/cmake --build /home/aarambh/my_robot_ws/build/bumperbot_planning -- -j4 -l4
[0.395s] [35m[1mConsolidate compiler generated dependencies of target dijkstra_planner[0m
[0.443s] [35m[1mConsolidate compiler generated dependencies of target a_star_planner[0m
[0.533s] [  0%] Built target ament_cmake_python_copy_bumperbot_planning
[0.634s] [ 25%] [32mBuilding CXX object CMakeFiles/dijkstra_planner.dir/src/dijkstra_planner.cpp.o[0m
[0.726s] [ 50%] [32mBuilding CXX object CMakeFiles/a_star_planner.dir/src/a_star_planner.cpp.o[0m
[3.522s] running egg_info
[3.528s] writing bumperbot_planning.egg-info/PKG-INFO
[3.539s] writing dependency_links to bumperbot_planning.egg-info/dependency_links.txt
[3.542s] writing top-level names to bumperbot_planning.egg-info/top_level.txt
[3.554s] reading manifest file 'bumperbot_planning.egg-info/SOURCES.txt'
[3.561s] writing manifest file 'bumperbot_planning.egg-info/SOURCES.txt'
[3.873s] [ 50%] Built target ament_cmake_python_build_bumperbot_planning_egg
[19.832s] [01m[K/home/aarambh/my_robot_ws/src/bumperbot_planning/src/dijkstra_planner.cpp:[m[K In member function â€˜[01m[Kvirtual void bumperbot_planning::DijkstraPlanner::configure(const WeakPtr&, std::string, std::shared_ptr<tf2_ros::Buffer>, std::shared_ptr<nav2_costmap_2d::Costmap2DROS>)[m[Kâ€™:
[19.832s] [01m[K/home/aarambh/my_robot_ws/src/bumperbot_planning/src/dijkstra_planner.cpp:20:3:[m[K [01;31m[Kerror: [m[Kâ€˜[01m[Ksmooth_client_[m[Kâ€™ was not declared in this scope
[19.833s]    20 |   [01;31m[Ksmooth_client_[m[K = rclcpp_action::create_client<nav2_msgs::action::SmoothPath>(node_, "smooth_path");
[19.833s]       |   [01;31m[K^~~~~~~~~~~~~~[m[K
[19.834s] [01m[K/home/aarambh/my_robot_ws/src/bumperbot_planning/src/dijkstra_planner.cpp:20:20:[m[K [01;31m[Kerror: [m[Kâ€˜[01m[Krclcpp_action[m[Kâ€™ has not been declared
[19.834s]    20 |   smooth_client_ = [01;31m[Krclcpp_action[m[K::create_client<nav2_msgs::action::SmoothPath>(node_, "smooth_path");
[19.835s]       |                    [01;31m[K^~~~~~~~~~~~~[m[K
[19.836s] [01m[K/home/aarambh/my_robot_ws/src/bumperbot_planning/src/dijkstra_planner.cpp:20:60:[m[K [01;31m[Kerror: [m[Kâ€˜[01m[Knav2_msgs::action[m[Kâ€™ has not been declared
[19.837s]    20 |   smooth_client_ = rclcpp_action::create_client<nav2_msgs::[01;31m[Kaction[m[K::SmoothPath>(node_, "smooth_path");
[19.837s]       |                                                            [01;31m[K^~~~~~[m[K
[19.838s] [01m[K/home/aarambh/my_robot_ws/src/bumperbot_planning/src/dijkstra_planner.cpp:20:80:[m[K [01;35m[Kwarning: [m[Kleft operand of comma operator has no effect [[01;35m[K]8;;https://gcc.gnu.org/onlinedocs/gcc/Warning-Options.html#index-Wunused-value-Wunused-value]8;;[m[K]
[19.838s]    20 |   smooth_client_ = rclcpp_action::create_client<nav2_msgs::action::SmoothPath>([01;35m[Knode_[m[K, "smooth_path");
[19.839s]       |                                                                                [01;35m[K^~~~~[m[K
[19.871s] [01m[K/home/aarambh/my_robot_ws/src/bumperbot_planning/src/dijkstra_planner.cpp:[m[K In member function â€˜[01m[Kvirtual void bumperbot_planning::DijkstraPlanner::activate()[m[Kâ€™:
[19.871s] [01m[K/home/aarambh/my_robot_ws/src/bumperbot_planning/src/dijkstra_planner.cpp:35:8:[m[K [01;31m[Kerror: [m[Kâ€˜[01m[Ksmooth_client_[m[Kâ€™ was not declared in this scope
[19.872s]    35 |   if (![01;31m[Ksmooth_client_[m[K->wait_for_action_server(std::chrono::seconds(3))) {
[19.872s]       |        [01;31m[K^~~~~~~~~~~~~~[m[K
[19.876s] [01m[K/home/aarambh/my_robot_ws/src/bumperbot_planning/src/dijkstra_planner.cpp:[m[K At global scope:
[19.876s] [01m[K/home/aarambh/my_robot_ws/src/bumperbot_planning/src/dijkstra_planner.cpp:47:21:[m[K [01;31m[Kerror: [m[Kno declaration matches â€˜[01m[Knav_msgs::msg::Path bumperbot_planning::DijkstraPlanner::createPlan(const PoseStamped&, const PoseStamped&, std::function<bool()>)[m[Kâ€™
[19.877s]    47 | nav_msgs::msg::Path [01;31m[KDijkstraPlanner[m[K::createPlan(
[19.878s]       |                     [01;31m[K^~~~~~~~~~~~~~~[m[K
[19.878s] In file included from [01m[K/home/aarambh/my_robot_ws/src/bumperbot_planning/src/dijkstra_planner.cpp:4[m[K:
[19.879s] [01m[K/home/aarambh/my_robot_ws/src/bumperbot_planning/include/bumperbot_planning/dijkstra_planner.hpp:61:23:[m[K [01;36m[Knote: [m[Kcandidate is: â€˜[01m[Kvirtual nav_msgs::msg::Path bumperbot_planning::DijkstraPlanner::createPlan(const PoseStamped&, const PoseStamped&)[m[Kâ€™
[19.879s]    61 |   nav_msgs::msg::Path [01;36m[KcreatePlan[m[K(
[19.880s]       |                       [01;36m[K^~~~~~~~~~[m[K
[19.880s] [01m[K/home/aarambh/my_robot_ws/src/bumperbot_planning/include/bumperbot_planning/dijkstra_planner.hpp:44:7:[m[K [01;36m[Knote: [m[Kâ€˜[01m[Kclass bumperbot_planning::DijkstraPlanner[m[Kâ€™ defined here
[19.881s]    44 | class [01;36m[KDijkstraPlanner[m[K : public nav2_core::GlobalPlanner
[19.882s]       |       [01;36m[K^~~~~~~~~~~~~~~[m[K
[20.252s] [01m[K/home/aarambh/my_robot_ws/src/bumperbot_planning/src/a_star_planner.cpp:[m[K In member function â€˜[01m[Kvirtual void bumperbot_planning::AStarPlanner::configure(const WeakPtr&, std::string, std::shared_ptr<tf2_ros::Buffer>, std::shared_ptr<nav2_costmap_2d::Costmap2DROS>)[m[Kâ€™:
[20.252s] [01m[K/home/aarambh/my_robot_ws/src/bumperbot_planning/src/a_star_planner.cpp:18:3:[m[K [01;31m[Kerror: [m[Kâ€˜[01m[Ksmooth_client_[m[Kâ€™ was not declared in this scope
[20.253s]    18 |   [01;31m[Ksmooth_client_[m[K = rclcpp_action::create_client<nav2_msgs::action::SmoothPath>(node_, "smooth_path");
[20.253s]       |   [01;31m[K^~~~~~~~~~~~~~[m[K
[20.254s] [01m[K/home/aarambh/my_robot_ws/src/bumperbot_planning/src/a_star_planner.cpp:18:20:[m[K [01;31m[Kerror: [m[Kâ€˜[01m[Krclcpp_action[m[Kâ€™ has not been declared
[20.254s]    18 |   smooth_client_ = [01;31m[Krclcpp_action[m[K::create_client<nav2_msgs::action::SmoothPath>(node_, "smooth_path");
[20.255s]       |                    [01;31m[K^~~~~~~~~~~~~[m[K
[20.256s] [01m[K/home/aarambh/my_robot_ws/src/bumperbot_planning/src/a_star_planner.cpp:18:60:[m[K [01;31m[Kerror: [m[Kâ€˜[01m[Knav2_msgs::action[m[Kâ€™ has not been declared
[20.256s]    18 |   smooth_client_ = rclcpp_action::create_client<nav2_msgs::[01;31m[Kaction[m[K::SmoothPath>(node_, "smooth_path");
[20.257s]       |                                                            [01;31m[K^~~~~~[m[K
[20.258s] [01m[K/home/aarambh/my_robot_ws/src/bumperbot_planning/src/a_star_planner.cpp:18:80:[m[K [01;35m[Kwarning: [m[Kleft operand of comma operator has no effect [[01;35m[K]8;;https://gcc.gnu.org/onlinedocs/gcc/Warning-Options.html#index-Wunused-value-Wunused-value]8;;[m[K]
[20.258s]    18 |   smooth_client_ = rclcpp_action::create_client<nav2_msgs::action::SmoothPath>([01;35m[Knode_[m[K, "smooth_path");
[20.259s]       |                                                                                [01;35m[K^~~~~[m[K
[20.290s] [01m[K/home/aarambh/my_robot_ws/src/bumperbot_planning/src/a_star_planner.cpp:[m[K In member function â€˜[01m[Kvirtual void bumperbot_planning::AStarPlanner::activate()[m[Kâ€™:
[20.290s] [01m[K/home/aarambh/my_robot_ws/src/bumperbot_planning/src/a_star_planner.cpp:33:8:[m[K [01;31m[Kerror: [m[Kâ€˜[01m[Ksmooth_client_[m[Kâ€™ was not declared in this scope
[20.291s]    33 |   if (![01;31m[Ksmooth_client_[m[K->wait_for_action_server(std::chrono::seconds(3))) {
[20.292s]       |        [01;31m[K^~~~~~~~~~~~~~[m[K
[20.295s] [01m[K/home/aarambh/my_robot_ws/src/bumperbot_planning/src/a_star_planner.cpp:[m[K At global scope:
[20.295s] [01m[K/home/aarambh/my_robot_ws/src/bumperbot_planning/src/a_star_planner.cpp:45:21:[m[K [01;31m[Kerror: [m[Kno declaration matches â€˜[01m[Knav_msgs::msg::Path bumperbot_planning::AStarPlanner::createPlan(const PoseStamped&, const PoseStamped&, std::function<bool()>)[m[Kâ€™
[20.296s]    45 | nav_msgs::msg::Path [01;31m[KAStarPlanner[m[K::createPlan(
[20.296s]       |                     [01;31m[K^~~~~~~~~~~~[m[K
[20.297s] In file included from [01m[K/home/aarambh/my_robot_ws/src/bumperbot_planning/src/a_star_planner.cpp:3[m[K:
[20.297s] [01m[K/home/aarambh/my_robot_ws/src/bumperbot_planning/include/bumperbot_planning/a_star_planner.hpp:50:23:[m[K [01;36m[Knote: [m[Kcandidate is: â€˜[01m[Kvirtual nav_msgs::msg::Path bumperbot_planning::AStarPlanner::createPlan(const PoseStamped&, const PoseStamped&)[m[Kâ€™
[20.298s]    50 |   nav_msgs::msg::Path [01;36m[KcreatePlan[m[K(
[20.299s]       |                       [01;36m[K^~~~~~~~~~[m[K
[20.299s] [01m[K/home/aarambh/my_robot_ws/src/bumperbot_planning/include/bumperbot_planning/a_star_planner.hpp:33:7:[m[K [01;36m[Knote: [m[Kâ€˜[01m[Kclass bumperbot_planning::AStarPlanner[m[Kâ€™ defined here
[20.300s]    33 | class [01;36m[KAStarPlanner[m[K : public nav2_core::GlobalPlanner
[20.300s]       |       [01;36m[K^~~~~~~~~~~~[m[K
[25.264s] gmake[2]: *** [CMakeFiles/dijkstra_planner.dir/build.make:76: CMakeFiles/dijkstra_planner.dir/src/dijkstra_planner.cpp.o] Error 1
[25.265s] gmake[1]: *** [CMakeFiles/Makefile2:194: CMakeFiles/dijkstra_planner.dir/all] Error 2
[25.265s] gmake[1]: *** Waiting for unfinished jobs....
[25.605s] gmake[2]: *** [CMakeFiles/a_star_planner.dir/build.make:76: CMakeFiles/a_star_planner.dir/src/a_star_planner.cpp.o] Error 1
[25.605s] gmake[1]: *** [CMakeFiles/Makefile2:220: CMakeFiles/a_star_planner.dir/all] Error 2
[25.606s] gmake: *** [Makefile:146: all] Error 2
[25.613s] Invoked command in '/home/aarambh/my_robot_ws/build/bumperbot_planning' returned '2': CMAKE_PREFIX_PATH=/opt/ros/humble /usr/bin/cmake --build /home/aarambh/my_robot_ws/build/bumperbot_planning -- -j4 -l4
