[0.192s] Invoking command in '/home/aarambh/my_robot_ws/build/bumperbot_planning': CMAKE_PREFIX_PATH=/opt/ros/humble /usr/bin/cmake --build /home/aarambh/my_robot_ws/build/bumperbot_planning -- -j4 -l4
[0.529s] [35m[1mConsolidate compiler generated dependencies of target a_star_planner[0m
[0.591s] [ 25%] [32mBuilding CXX object CMakeFiles/dijkstra_planner.dir/src/dijkstra_planner.cpp.o[0m
[0.618s] [ 25%] Built target ament_cmake_python_copy_bumperbot_planning
[0.762s] [ 50%] [32mBuilding CXX object CMakeFiles/a_star_planner.dir/src/a_star_planner.cpp.o[0m
[3.517s] running egg_info
[3.526s] creating bumperbot_planning.egg-info
[3.529s] writing bumperbot_planning.egg-info/PKG-INFO
[3.529s] writing dependency_links to bumperbot_planning.egg-info/dependency_links.txt
[3.537s] writing top-level names to bumperbot_planning.egg-info/top_level.txt
[3.538s] writing manifest file 'bumperbot_planning.egg-info/SOURCES.txt'
[3.550s] reading manifest file 'bumperbot_planning.egg-info/SOURCES.txt'
[3.552s] writing manifest file 'bumperbot_planning.egg-info/SOURCES.txt'
[3.805s] [ 50%] Built target ament_cmake_python_build_bumperbot_planning_egg
[28.482s] In file included from [01m[K/home/aarambh/my_robot_ws/src/bumperbot_planning/src/a_star_planner.cpp:3[m[K:
[28.483s] [01m[K/home/aarambh/my_robot_ws/src/bumperbot_planning/include/bumperbot_planning/a_star_planner.hpp:83:25:[m[K [01;31m[Kerror: [m[Kâ€˜[01m[Knav_msgs::msg::Path bumperbot_planning::AStarPlanner::createPlan(const PoseStamped&, const PoseStamped&, std::function<bool()>)[m[Kâ€™ marked â€˜[01m[Koverride[m[Kâ€™, but does not override
[28.484s]    83 |     nav_msgs::msg::Path [01;31m[KcreatePlan[m[K(
[28.485s]       |                         [01;31m[K^~~~~~~~~~[m[K
[31.398s] In file included from [01m[K/home/aarambh/my_robot_ws/src/bumperbot_planning/src/dijkstra_planner.cpp:4[m[K:
[31.399s] [01m[K/home/aarambh/my_robot_ws/src/bumperbot_planning/include/bumperbot_planning/dijkstra_planner.hpp:63:23:[m[K [01;31m[Kerror: [m[Kâ€˜[01m[Knav_msgs::msg::Path bumperbot_planning::DijkstraPlanner::createPlan(const PoseStamped&, const PoseStamped&, std::function<bool()>)[m[Kâ€™ marked â€˜[01m[Koverride[m[Kâ€™, but does not override
[31.400s]    63 |   nav_msgs::msg::Path [01;31m[KcreatePlan[m[K(
[31.400s]       |                       [01;31m[K^~~~~~~~~~[m[K
[43.278s] In file included from [01m[K/opt/ros/humble/include/class_loader/class_loader/class_loader_core.hpp:57[m[K,
[43.280s]                  from [01m[K/opt/ros/humble/include/class_loader/class_loader/class_loader.hpp:55[m[K,
[43.281s]                  from [01m[K/opt/ros/humble/include/class_loader/class_loader/multi_library_class_loader.hpp:52[m[K,
[43.282s]                  from [01m[K/opt/ros/humble/include/pluginlib/pluginlib/class_loader.hpp:38[m[K,
[43.283s]                  from [01m[K/opt/ros/humble/include/nav2_costmap_2d/nav2_costmap_2d/costmap_2d_ros.hpp:54[m[K,
[43.283s]                  from [01m[K/opt/ros/humble/include/nav2_core/global_planner.hpp:21[m[K,
[43.284s]                  from [01m[K/home/aarambh/my_robot_ws/src/bumperbot_planning/include/bumperbot_planning/a_star_planner.hpp:16[m[K,
[43.285s]                  from [01m[K/home/aarambh/my_robot_ws/src/bumperbot_planning/src/a_star_planner.cpp:3[m[K:
[43.286s] /opt/ros/humble/include/class_loader/class_loader/meta_object.hpp: In instantiation of â€˜[01m[KB* class_loader::impl::MetaObject<C, B>::create() const [with C = bumperbot_planning::AStarPlanner; B = nav2_core::GlobalPlanner][m[Kâ€™:
[43.287s] [01m[K/opt/ros/humble/include/class_loader/class_loader/meta_object.hpp:216:7:[m[K   required from here
[43.287s] [01m[K/opt/ros/humble/include/class_loader/class_loader/meta_object.hpp:218:12:[m[K [01;31m[Kerror: [m[Kinvalid new-expression of abstract class type â€˜[01m[Kbumperbot_planning::AStarPlanner[m[Kâ€™
[43.288s]   218 |     return [01;31m[Knew C[m[K;
[43.293s]       |            [01;31m[K^~~~~[m[K
[43.294s] In file included from [01m[K/home/aarambh/my_robot_ws/src/bumperbot_planning/src/a_star_planner.cpp:3[m[K:
[43.295s] [01m[K/home/aarambh/my_robot_ws/src/bumperbot_planning/include/bumperbot_planning/a_star_planner.hpp:66:7:[m[K [01;36m[Knote: [m[K  because the following virtual functions are pure within â€˜[01m[Kbumperbot_planning::AStarPlanner[m[Kâ€™:
[43.296s]    66 | class [01;36m[KAStarPlanner[m[K : public nav2_core::GlobalPlanner
[43.296s]       |       [01;36m[K^~~~~~~~~~~~[m[K
[43.297s] In file included from [01m[K/home/aarambh/my_robot_ws/src/bumperbot_planning/include/bumperbot_planning/a_star_planner.hpp:16[m[K,
[43.298s]                  from [01m[K/home/aarambh/my_robot_ws/src/bumperbot_planning/src/a_star_planner.cpp:3[m[K:
[43.299s] [01m[K/opt/ros/humble/include/nav2_core/global_planner.hpp:76:31:[m[K [01;36m[Knote: [m[K    â€˜[01m[Kvirtual nav_msgs::msg::Path nav2_core::GlobalPlanner::createPlan(const PoseStamped&, const PoseStamped&)[m[Kâ€™
[43.300s]    76 |   virtual nav_msgs::msg::Path [01;36m[KcreatePlan[m[K(
[43.300s]       |                               [01;36m[K^~~~~~~~~~[m[K
[43.364s] In file included from [01m[K/opt/ros/humble/include/class_loader/class_loader/class_loader_core.hpp:57[m[K,
[43.365s]                  from [01m[K/opt/ros/humble/include/class_loader/class_loader/class_loader.hpp:55[m[K,
[43.367s]                  from [01m[K/opt/ros/humble/include/class_loader/class_loader/multi_library_class_loader.hpp:52[m[K,
[43.368s]                  from [01m[K/opt/ros/humble/include/pluginlib/pluginlib/class_loader.hpp:38[m[K,
[43.369s]                  from [01m[K/opt/ros/humble/include/nav2_costmap_2d/nav2_costmap_2d/costmap_2d_ros.hpp:54[m[K,
[43.369s]                  from [01m[K/opt/ros/humble/include/nav2_core/global_planner.hpp:21[m[K,
[43.370s]                  from [01m[K/home/aarambh/my_robot_ws/src/bumperbot_planning/include/bumperbot_planning/dijkstra_planner.hpp:12[m[K,
[43.371s]                  from [01m[K/home/aarambh/my_robot_ws/src/bumperbot_planning/src/dijkstra_planner.cpp:4[m[K:
[43.372s] /opt/ros/humble/include/class_loader/class_loader/meta_object.hpp: In instantiation of â€˜[01m[KB* class_loader::impl::MetaObject<C, B>::create() const [with C = bumperbot_planning::DijkstraPlanner; B = nav2_core::GlobalPlanner][m[Kâ€™:
[43.372s] [01m[K/opt/ros/humble/include/class_loader/class_loader/meta_object.hpp:216:7:[m[K   required from here
[43.373s] [01m[K/opt/ros/humble/include/class_loader/class_loader/meta_object.hpp:218:12:[m[K [01;31m[Kerror: [m[Kinvalid new-expression of abstract class type â€˜[01m[Kbumperbot_planning::DijkstraPlanner[m[Kâ€™
[43.374s]   218 |     return [01;31m[Knew C[m[K;
[43.375s]       |            [01;31m[K^~~~~[m[K
[43.376s] In file included from [01m[K/home/aarambh/my_robot_ws/src/bumperbot_planning/src/dijkstra_planner.cpp:4[m[K:
[43.376s] [01m[K/home/aarambh/my_robot_ws/src/bumperbot_planning/include/bumperbot_planning/dijkstra_planner.hpp:46:7:[m[K [01;36m[Knote: [m[K  because the following virtual functions are pure within â€˜[01m[Kbumperbot_planning::DijkstraPlanner[m[Kâ€™:
[43.377s]    46 | class [01;36m[KDijkstraPlanner[m[K : public nav2_core::GlobalPlanner
[43.378s]       |       [01;36m[K^~~~~~~~~~~~~~~[m[K
[43.379s] In file included from [01m[K/home/aarambh/my_robot_ws/src/bumperbot_planning/include/bumperbot_planning/dijkstra_planner.hpp:12[m[K,
[43.379s]                  from [01m[K/home/aarambh/my_robot_ws/src/bumperbot_planning/src/dijkstra_planner.cpp:4[m[K:
[43.380s] [01m[K/opt/ros/humble/include/nav2_core/global_planner.hpp:76:31:[m[K [01;36m[Knote: [m[K    â€˜[01m[Kvirtual nav_msgs::msg::Path nav2_core::GlobalPlanner::createPlan(const PoseStamped&, const PoseStamped&)[m[Kâ€™
[43.397s]    76 |   virtual nav_msgs::msg::Path [01;36m[KcreatePlan[m[K(
[43.398s]       |                               [01;36m[K^~~~~~~~~~[m[K
[44.951s] gmake[2]: *** [CMakeFiles/a_star_planner.dir/build.make:76: CMakeFiles/a_star_planner.dir/src/a_star_planner.cpp.o] Error 1
[44.956s] gmake[1]: *** [CMakeFiles/Makefile2:220: CMakeFiles/a_star_planner.dir/all] Error 2
[44.957s] gmake[1]: *** Waiting for unfinished jobs....
[45.659s] gmake[2]: *** [CMakeFiles/dijkstra_planner.dir/build.make:76: CMakeFiles/dijkstra_planner.dir/src/dijkstra_planner.cpp.o] Error 1
[45.663s] gmake[1]: *** [CMakeFiles/Makefile2:194: CMakeFiles/dijkstra_planner.dir/all] Error 2
[45.666s] gmake: *** [Makefile:146: all] Error 2
[45.678s] Invoked command in '/home/aarambh/my_robot_ws/build/bumperbot_planning' returned '2': CMAKE_PREFIX_PATH=/opt/ros/humble /usr/bin/cmake --build /home/aarambh/my_robot_ws/build/bumperbot_planning -- -j4 -l4
