[0.030s] Invoking command in '/home/aarambh/my_robot_ws/build/bumperbot_planning': CMAKE_PREFIX_PATH=/opt/ros/humble /usr/bin/cmake --build /home/aarambh/my_robot_ws/build/bumperbot_planning -- -j4 -l4
[0.355s] [35m[1mConsolidate compiler generated dependencies of target dijkstra_planner[0m
[0.372s] [35m[1mConsolidate compiler generated dependencies of target a_star_planner[0m
[0.471s] [  0%] Built target ament_cmake_python_copy_bumperbot_planning
[0.604s] [ 25%] [32mBuilding CXX object CMakeFiles/dijkstra_planner.dir/src/dijkstra_planner.cpp.o[0m
[0.609s] [ 50%] [32mBuilding CXX object CMakeFiles/a_star_planner.dir/src/a_star_planner.cpp.o[0m
[3.197s] running egg_info
[3.201s] writing bumperbot_planning.egg-info/PKG-INFO
[3.206s] writing dependency_links to bumperbot_planning.egg-info/dependency_links.txt
[3.208s] writing top-level names to bumperbot_planning.egg-info/top_level.txt
[3.231s] reading manifest file 'bumperbot_planning.egg-info/SOURCES.txt'
[3.247s] writing manifest file 'bumperbot_planning.egg-info/SOURCES.txt'
[3.463s] [ 50%] Built target ament_cmake_python_build_bumperbot_planning_egg
[20.046s] [01m[K/home/aarambh/my_robot_ws/src/bumperbot_planning/src/a_star_planner.cpp:[m[K In member function â€˜[01m[Kvirtual void bumperbot_planning::AStarPlanner::configure(const WeakPtr&, std::string, std::shared_ptr<tf2_ros::Buffer>, std::shared_ptr<nav2_costmap_2d::Costmap2DROS>)[m[Kâ€™:
[20.047s] [01m[K/home/aarambh/my_robot_ws/src/bumperbot_planning/src/a_star_planner.cpp:18:3:[m[K [01;31m[Kerror: [m[Kâ€˜[01m[Ksmooth_client_[m[Kâ€™ was not declared in this scope
[20.047s]    18 |   [01;31m[Ksmooth_client_[m[K = rclcpp_action::create_client<nav2_msgs::action::SmoothPath>(node_, "smooth_path");
[20.048s]       |   [01;31m[K^~~~~~~~~~~~~~[m[K
[20.048s] [01m[K/home/aarambh/my_robot_ws/src/bumperbot_planning/src/a_star_planner.cpp:18:20:[m[K [01;31m[Kerror: [m[Kâ€˜[01m[Krclcpp_action[m[Kâ€™ has not been declared
[20.049s]    18 |   smooth_client_ = [01;31m[Krclcpp_action[m[K::create_client<nav2_msgs::action::SmoothPath>(node_, "smooth_path");
[20.049s]       |                    [01;31m[K^~~~~~~~~~~~~[m[K
[20.050s] [01m[K/home/aarambh/my_robot_ws/src/bumperbot_planning/src/a_star_planner.cpp:18:60:[m[K [01;31m[Kerror: [m[Kâ€˜[01m[Knav2_msgs::action[m[Kâ€™ has not been declared
[20.050s]    18 |   smooth_client_ = rclcpp_action::create_client<nav2_msgs::[01;31m[Kaction[m[K::SmoothPath>(node_, "smooth_path");
[20.051s]       |                                                            [01;31m[K^~~~~~[m[K
[20.052s] [01m[K/home/aarambh/my_robot_ws/src/bumperbot_planning/src/a_star_planner.cpp:18:80:[m[K [01;35m[Kwarning: [m[Kleft operand of comma operator has no effect [[01;35m[K]8;;https://gcc.gnu.org/onlinedocs/gcc/Warning-Options.html#index-Wunused-value-Wunused-value]8;;[m[K]
[20.052s]    18 |   smooth_client_ = rclcpp_action::create_client<nav2_msgs::action::SmoothPath>([01;35m[Knode_[m[K, "smooth_path");
[20.053s]       |                                                                                [01;35m[K^~~~~[m[K
[20.083s] [01m[K/home/aarambh/my_robot_ws/src/bumperbot_planning/src/dijkstra_planner.cpp:[m[K In member function â€˜[01m[Kvirtual void bumperbot_planning::DijkstraPlanner::configure(const WeakPtr&, std::string, std::shared_ptr<tf2_ros::Buffer>, std::shared_ptr<nav2_costmap_2d::Costmap2DROS>)[m[Kâ€™:
[20.083s] [01m[K/home/aarambh/my_robot_ws/src/bumperbot_planning/src/dijkstra_planner.cpp:20:3:[m[K [01;31m[Kerror: [m[Kâ€˜[01m[Ksmooth_client_[m[Kâ€™ was not declared in this scope
[20.084s]    20 |   [01;31m[Ksmooth_client_[m[K = rclcpp_action::create_client<nav2_msgs::action::SmoothPath>(node_, "smooth_path");
[20.084s]       |   [01;31m[K^~~~~~~~~~~~~~[m[K
[20.085s] [01m[K/home/aarambh/my_robot_ws/src/bumperbot_planning/src/dijkstra_planner.cpp:20:20:[m[K [01;31m[Kerror: [m[Kâ€˜[01m[Krclcpp_action[m[Kâ€™ has not been declared
[20.086s]    20 |   smooth_client_ = [01;31m[Krclcpp_action[m[K::create_client<nav2_msgs::action::SmoothPath>(node_, "smooth_path");
[20.086s]       |                    [01;31m[K^~~~~~~~~~~~~[m[K
[20.087s] [01m[K/home/aarambh/my_robot_ws/src/bumperbot_planning/src/dijkstra_planner.cpp:20:60:[m[K [01;31m[Kerror: [m[Kâ€˜[01m[Knav2_msgs::action[m[Kâ€™ has not been declared
[20.088s]    20 |   smooth_client_ = rclcpp_action::create_client<nav2_msgs::[01;31m[Kaction[m[K::SmoothPath>(node_, "smooth_path");
[20.089s]       |                                                            [01;31m[K^~~~~~[m[K
[20.089s] [01m[K/home/aarambh/my_robot_ws/src/bumperbot_planning/src/dijkstra_planner.cpp:20:80:[m[K [01;35m[Kwarning: [m[Kleft operand of comma operator has no effect [[01;35m[K]8;;https://gcc.gnu.org/onlinedocs/gcc/Warning-Options.html#index-Wunused-value-Wunused-value]8;;[m[K]
[20.090s]    20 |   smooth_client_ = rclcpp_action::create_client<nav2_msgs::action::SmoothPath>([01;35m[Knode_[m[K, "smooth_path");
[20.090s]       |                                                                                [01;35m[K^~~~~[m[K
[20.091s] [01m[K/home/aarambh/my_robot_ws/src/bumperbot_planning/src/a_star_planner.cpp:[m[K In member function â€˜[01m[Kvirtual void bumperbot_planning::AStarPlanner::activate()[m[Kâ€™:
[20.092s] [01m[K/home/aarambh/my_robot_ws/src/bumperbot_planning/src/a_star_planner.cpp:33:8:[m[K [01;31m[Kerror: [m[Kâ€˜[01m[Ksmooth_client_[m[Kâ€™ was not declared in this scope
[20.092s]    33 |   if (![01;31m[Ksmooth_client_[m[K->wait_for_action_server(std::chrono::seconds(3))) {
[20.094s]       |        [01;31m[K^~~~~~~~~~~~~~[m[K
[20.094s] [01m[K/home/aarambh/my_robot_ws/src/bumperbot_planning/src/a_star_planner.cpp:[m[K At global scope:
[20.095s] [01m[K/home/aarambh/my_robot_ws/src/bumperbot_planning/src/a_star_planner.cpp:45:21:[m[K [01;31m[Kerror: [m[Kno declaration matches â€˜[01m[Knav_msgs::msg::Path bumperbot_planning::AStarPlanner::createPlan(const PoseStamped&, const PoseStamped&, std::function<bool()>)[m[Kâ€™
[20.096s]    45 | nav_msgs::msg::Path [01;31m[KAStarPlanner[m[K::createPlan(
[20.097s]       |                     [01;31m[K^~~~~~~~~~~~[m[K
[20.097s] In file included from [01m[K/home/aarambh/my_robot_ws/src/bumperbot_planning/src/a_star_planner.cpp:3[m[K:
[20.100s] [01m[K/home/aarambh/my_robot_ws/src/bumperbot_planning/include/bumperbot_planning/a_star_planner.hpp:49:23:[m[K [01;36m[Knote: [m[Kcandidate is: â€˜[01m[Kvirtual nav_msgs::msg::Path bumperbot_planning::AStarPlanner::createPlan(const PoseStamped&, const PoseStamped&)[m[Kâ€™
[20.100s]    49 |   nav_msgs::msg::Path [01;36m[KcreatePlan[m[K(
[20.101s]       |                       [01;36m[K^~~~~~~~~~[m[K
[20.101s] [01m[K/home/aarambh/my_robot_ws/src/bumperbot_planning/include/bumperbot_planning/a_star_planner.hpp:32:7:[m[K [01;36m[Knote: [m[Kâ€˜[01m[Kclass bumperbot_planning::AStarPlanner[m[Kâ€™ defined here
[20.101s]    32 | class [01;36m[KAStarPlanner[m[K : public nav2_core::GlobalPlanner
[20.102s]       |       [01;36m[K^~~~~~~~~~~~[m[K
[20.124s] [01m[K/home/aarambh/my_robot_ws/src/bumperbot_planning/src/dijkstra_planner.cpp:[m[K In member function â€˜[01m[Kvirtual void bumperbot_planning::DijkstraPlanner::activate()[m[Kâ€™:
[20.125s] [01m[K/home/aarambh/my_robot_ws/src/bumperbot_planning/src/dijkstra_planner.cpp:35:8:[m[K [01;31m[Kerror: [m[Kâ€˜[01m[Ksmooth_client_[m[Kâ€™ was not declared in this scope
[20.125s]    35 |   if (![01;31m[Ksmooth_client_[m[K->wait_for_action_server(std::chrono::seconds(3))) {
[20.126s]       |        [01;31m[K^~~~~~~~~~~~~~[m[K
[20.128s] [01m[K/home/aarambh/my_robot_ws/src/bumperbot_planning/src/dijkstra_planner.cpp:[m[K At global scope:
[20.129s] [01m[K/home/aarambh/my_robot_ws/src/bumperbot_planning/src/dijkstra_planner.cpp:47:21:[m[K [01;31m[Kerror: [m[Kno declaration matches â€˜[01m[Knav_msgs::msg::Path bumperbot_planning::DijkstraPlanner::createPlan(const PoseStamped&, const PoseStamped&, std::function<bool()>)[m[Kâ€™
[20.130s]    47 | nav_msgs::msg::Path [01;31m[KDijkstraPlanner[m[K::createPlan(
[20.130s]       |                     [01;31m[K^~~~~~~~~~~~~~~[m[K
[20.131s] In file included from [01m[K/home/aarambh/my_robot_ws/src/bumperbot_planning/src/dijkstra_planner.cpp:4[m[K:
[20.131s] [01m[K/home/aarambh/my_robot_ws/src/bumperbot_planning/include/bumperbot_planning/dijkstra_planner.hpp:48:23:[m[K [01;36m[Knote: [m[Kcandidate is: â€˜[01m[Kvirtual nav_msgs::msg::Path bumperbot_planning::DijkstraPlanner::createPlan(const PoseStamped&, const PoseStamped&)[m[Kâ€™
[20.132s]    48 |   nav_msgs::msg::Path [01;36m[KcreatePlan[m[K(
[20.132s]       |                       [01;36m[K^~~~~~~~~~[m[K
[20.133s] [01m[K/home/aarambh/my_robot_ws/src/bumperbot_planning/include/bumperbot_planning/dijkstra_planner.hpp:31:7:[m[K [01;36m[Knote: [m[Kâ€˜[01m[Kclass bumperbot_planning::DijkstraPlanner[m[Kâ€™ defined here
[20.133s]    31 | class [01;36m[KDijkstraPlanner[m[K : public nav2_core::GlobalPlanner
[20.134s]       |       [01;36m[K^~~~~~~~~~~~~~~[m[K
[25.348s] gmake[2]: *** [CMakeFiles/a_star_planner.dir/build.make:76: CMakeFiles/a_star_planner.dir/src/a_star_planner.cpp.o] Error 1
[25.349s] gmake[1]: *** [CMakeFiles/Makefile2:220: CMakeFiles/a_star_planner.dir/all] Error 2
[25.349s] gmake[1]: *** Waiting for unfinished jobs....
[25.422s] gmake[2]: *** [CMakeFiles/dijkstra_planner.dir/build.make:76: CMakeFiles/dijkstra_planner.dir/src/dijkstra_planner.cpp.o] Error 1
[25.423s] gmake[1]: *** [CMakeFiles/Makefile2:194: CMakeFiles/dijkstra_planner.dir/all] Error 2
[25.423s] gmake: *** [Makefile:146: all] Error 2
[25.430s] Invoked command in '/home/aarambh/my_robot_ws/build/bumperbot_planning' returned '2': CMAKE_PREFIX_PATH=/opt/ros/humble /usr/bin/cmake --build /home/aarambh/my_robot_ws/build/bumperbot_planning -- -j4 -l4
